<?xml version="1.0" encoding="UTF-8"?>
<!-- Generated by org.testng.reporters.JUnitReportReporter -->
<testsuite hostname="DESKTOP-6CV4G98" failures="0" tests="1" name="tests.LoginTest" time="1.160" errors="0" timestamp="2022-10-19T09:05:57 IST" skipped="0">
  <testcase classname="tests.LoginTest" name="login" time="1.160"/>
  <system-out/>
</testsuite> <!-- tests.LoginTest -->
